<?xml version="1.0" encoding="UTF-8"?>
<!-- Generated by org.testng.reporters.JUnitReportReporter -->
<testsuite hostname="QSP-BTM-FAC-PC" name="com.hrm.scripts.LoginLogoutTest" tests="1" failures="0" timestamp="26 Mar 2017 09:35:47 GMT" time="2.096" errors="0">
  <testcase name="testAutoLoginLogout1" time="2.096" classname="com.hrm.scripts.LoginLogoutTest"/>
</testsuite> <!-- com.hrm.scripts.LoginLogoutTest -->
